Hexstream,Split Indexes,Splited Hexstream
05640a4401000a006e25d8fd8200007372,"[0, 20, 22, 24, 26, 30, 32, 34]",05640a4401000a006e25 d8 fd 82 0000 73 72
05640a4401000a006e25dbc1810000a5b0,"[0, 20, 22, 24, 26, 30, 32, 34]",05640a4401000a006e25 db c1 81 0000 a5 b0
05640a4401000a006e25dec381000012d7,"[0, 20, 22, 24, 26, 30, 32, 34]",05640a4401000a006e25 de c3 81 0000 12 d7
05640a4401000a006e25dfc48100007e22,"[0, 20, 22, 24, 26, 30, 32, 34]",05640a4401000a006e25 df c4 81 0000 7e 22
05640a4401000a006e25e0c581000002ee,"[0, 20, 22, 24, 26, 30, 32, 34]",05640a4401000a006e25 e0 c5 81 0000 02 ee
05640a4401000a006e25e1c681000045c7,"[0, 20, 22, 24, 26, 30, 32, 34]",05640a4401000a006e25 e1 c6 81 0000 45 c7
05640a4401000a006e25e2c7810000a760,"[0, 20, 22, 24, 26, 30, 32, 34]",05640a4401000a006e25 e2 c7 81 0000 a7 60
05640a4401000a006e25e3fe820000befa,"[0, 20, 22, 24, 26, 30, 32, 34]",05640a4401000a006e25 e3 fe 82 0000 be fa
05640a4401000a006e25e6c18100003df8,"[0, 20, 22, 24, 26, 30, 32, 34]",05640a4401000a006e25 e6 c1 81 0000 3d f8
05640a4401000a006e25e9c3810000cf8c,"[0, 20, 22, 24, 26, 30, 32, 34]",05640a4401000a006e25 e9 c3 81 0000 cf 8c
05640a4401000a006e25eac4810000af3f,"[0, 20, 22, 24, 26, 30, 32, 34]",05640a4401000a006e25 ea c4 81 0000 af 3f
05640a4401000a006e25ebc581000041de,"[0, 20, 22, 24, 26, 30, 32, 34]",05640a4401000a006e25 eb c5 81 0000 41 de
05640a4401000a006e25ecc6810000123d,"[0, 20, 22, 24, 26, 30, 32, 34]",05640a4401000a006e25 ec c6 81 0000 12 3d
05640a4401000a006e25edc7810000fcdc,"[0, 20, 22, 24, 26, 30, 32, 34]",05640a4401000a006e25 ed c7 81 0000 fc dc
05640a4401000a006e25eec8810000b39a,"[0, 20, 22, 24, 26, 30, 32, 34]",05640a4401000a006e25 ee c8 81 0000 b3 9a
05640a4401000a006e25efc98100005d7b,"[0, 20, 22, 24, 26, 30, 32, 34]",05640a4401000a006e25 ef c9 81 0000 5d 7b
05640a4401000a006e25f0ca810000d567,"[0, 20, 22, 24, 26, 30, 32, 34]",05640a4401000a006e25 f0 ca 81 0000 d5 67
05640a4401000a006e25f1cb8100003b86,"[0, 20, 22, 24, 26, 30, 32, 34]",05640a4401000a006e25 f1 cb 81 0000 3b 86
05640a4401000a006e25f2cc8100005b35,"[0, 20, 22, 24, 26, 30, 32, 34]",05640a4401000a006e25 f2 cc 81 0000 5b 35
05640a4401000a006e25f3ff820000c492,"[0, 20, 22, 24, 26, 30, 32, 34]",05640a4401000a006e25 f3 ff 82 0000 c4 92
05640a4401000a006e25f6c1810000af52,"[0, 20, 22, 24, 26, 30, 32, 34]",05640a4401000a006e25 f6 c1 81 0000 af 52
05640a4401000a006e25f9c38100005d26,"[0, 20, 22, 24, 26, 30, 32, 34]",05640a4401000a006e25 f9 c3 81 0000 5d 26
05640a4401000a006e25fac48100003d95,"[0, 20, 22, 24, 26, 30, 32, 34]",05640a4401000a006e25 fa c4 81 0000 3d 95
05640a4401000a006e25fbc5810000d374,"[0, 20, 22, 24, 26, 30, 32, 34]",05640a4401000a006e25 fb c5 81 0000 d3 74
05640a4401000a006e25fcc68100008097,"[0, 20, 22, 24, 26, 30, 32, 34]",05640a4401000a006e25 fc c6 81 0000 80 97
05640a4401000a006e25fdc78100006e76,"[0, 20, 22, 24, 26, 30, 32, 34]",05640a4401000a006e25 fd c7 81 0000 6e 76
05640a4401000a006e25fec88100002130,"[0, 20, 22, 24, 26, 30, 32, 34]",05640a4401000a006e25 fe c8 81 0000 21 30
05640a4401000a006e25ffc9810000cfd1,"[0, 20, 22, 24, 26, 30, 32, 34]",05640a4401000a006e25 ff c9 81 0000 cf d1
05640a4401000a006e25c0ca8100001ad5,"[0, 20, 22, 24, 26, 30, 32, 34]",05640a4401000a006e25 c0 ca 81 0000 1a d5
05640a4401000a006e25c1cb810000f434,"[0, 20, 22, 24, 26, 30, 32, 34]",05640a4401000a006e25 c1 cb 81 0000 f4 34
05640a4401000a006e25c2cc8100009487,"[0, 20, 22, 24, 26, 30, 32, 34]",05640a4401000a006e25 c2 cc 81 0000 94 87
05640a4401000a006e25c3cd8100007a66,"[0, 20, 22, 24, 26, 30, 32, 34]",05640a4401000a006e25 c3 cd 81 0000 7a 66
05640a4401000a006e25c4f08200005cea,"[0, 20, 22, 24, 26, 30, 32, 34]",05640a4401000a006e25 c4 f0 82 0000 5c ea
05640a4401000a006e25c7c181000066c3,"[0, 20, 22, 24, 26, 30, 32, 34]",05640a4401000a006e25 c7 c1 81 0000 66 c3
05640a4401000a006e25cac381000098f1,"[0, 20, 22, 24, 26, 30, 32, 34]",05640a4401000a006e25 ca c3 81 0000 98 f1
05640a4401000a006e25cbc4810000f404,"[0, 20, 22, 24, 26, 30, 32, 34]",05640a4401000a006e25 cb c4 81 0000 f4 04
05640a4401000a006e25ccc58100000e2f,"[0, 20, 22, 24, 26, 30, 32, 34]",05640a4401000a006e25 cc c5 81 0000 0e 2f
05640a4401000a006e25cdc68100004906,"[0, 20, 22, 24, 26, 30, 32, 34]",05640a4401000a006e25 cd c6 81 0000 49 06
0564ff4401000a005aeb59c08100000102000009020202020202a7570202020203020000090202020202020270da02020214010000090200000000020000e30b000002000000000200000000020000004dba000200000000020000000002000000007eae02000000000200000000150100000902d3420000000002000000000200000000020069ce00000002000000000200000000020000dd5e000002000000000200000000020000004dba001e0500000002000000001e0100010941e902000000000200000000020000000002f0030000000002000000000200000000020069ce000000020000000002000000000a0200f888000902020202020202020202280100002c6a090200000000020000000002000000006015020000000002000000004e72,"[0, 20, 22, 24, 52, 54, 56, 584]",0564ff4401000a005aeb 59 c0 8100000102000009020202020202 a7 57 0202020203020000090202020202020270da02020214010000090200000000020000e30b000002000000000200000000020000004dba000200000000020000000002000000007eae02000000000200000000150100000902d3420000000002000000000200000000020069ce00000002000000000200000000020000dd5e000002000000000200000000020000004dba001e0500000002000000001e0100010941e902000000000200000000020000000002f0030000000002000000000200000000020069ce000000020000000002000000000a0200f888000902020202020202020202280100002c6a090200000000020000000002000000006015020000000002000000004e72
0564ff4401000a005aeb5cc2810000010200000902020202020252bd0202020203020000090202020202020270da02020214010000090200000000020000e30b000002000000000200000000020000004dba000200000000020000000002000000007eae02000000000200000000150100000902d3420000000002000000000200000000020069ce00000002000000000200000000020000dd5e000002000000000200000000020000004dba001e0500000002000000001e0100010941e902000000000200000000020000000002f0030000000002000000000200000000020069ce000000020000000002000000000a0200f888000902020202020202020202280100002c6a090200000000020000000002000000006015020000000002000000004e72,"[0, 20, 22, 24, 52, 54, 56, 584]",0564ff4401000a005aeb 5c c2 8100000102000009020202020202 52 bd 0202020203020000090202020202020270da02020214010000090200000000020000e30b000002000000000200000000020000004dba000200000000020000000002000000007eae02000000000200000000150100000902d3420000000002000000000200000000020069ce00000002000000000200000000020000dd5e000002000000000200000000020000004dba001e0500000002000000001e0100010941e902000000000200000000020000000002f0030000000002000000000200000000020069ce000000020000000002000000000a0200f888000902020202020202020202280100002c6a090200000000020000000002000000006015020000000002000000004e72
0564ff4401000a005aeb64c081000001020000090202020202026e3a0202020203020000090202020202020270da02020214010000090200000000020000e30b000002000000000200000000020000004dba000200000000020000000002000000007eae02000000000200000000150100000902d3420000000002000000000200000000020069ce00000002000000000200000000020000dd5e000002000000000200000000020000004dba001e0500000002000000001e0100010941e902000000000200000000020000000002f0030000000002000000000200000000020069ce000000020000000002000000000a0200f888000902020202020202020202280100002c6a090200000000020000000002000000006015020000000002000000004e72,"[0, 20, 22, 24, 52, 54, 56, 584]",0564ff4401000a005aeb 64 c0 8100000102000009020202020202 6e 3a 0202020203020000090202020202020270da02020214010000090200000000020000e30b000002000000000200000000020000004dba000200000000020000000002000000007eae02000000000200000000150100000902d3420000000002000000000200000000020069ce00000002000000000200000000020000dd5e000002000000000200000000020000004dba001e0500000002000000001e0100010941e902000000000200000000020000000002f0030000000002000000000200000000020069ce000000020000000002000000000a0200f888000902020202020202020202280100002c6a090200000000020000000002000000006015020000000002000000004e72
0564ff4401000a005aeb67c28100000102000009020202020202ca300202020203020000090202020202020270da02020214010000090200000000020000e30b000002000000000200000000020000004dba000200000000020000000002000000007eae02000000000200000000150100000902d3420000000002000000000200000000020069ce00000002000000000200000000020000dd5e000002000000000200000000020000004dba001e0500000002000000001e0100010941e902000000000200000000020000000002f0030000000002000000000200000000020069ce000000020000000002000000000a0200f888000902020202020202020202280100002c6a090200000000020000000002000000006015020000000002000000004e72,"[0, 20, 22, 24, 52, 54, 56, 584]",0564ff4401000a005aeb 67 c2 8100000102000009020202020202 ca 30 0202020203020000090202020202020270da02020214010000090200000000020000e30b000002000000000200000000020000004dba000200000000020000000002000000007eae02000000000200000000150100000902d3420000000002000000000200000000020069ce00000002000000000200000000020000dd5e000002000000000200000000020000004dba001e0500000002000000001e0100010941e902000000000200000000020000000002f0030000000002000000000200000000020069ce000000020000000002000000000a0200f888000902020202020202020202280100002c6a090200000000020000000002000000006015020000000002000000004e72
0564ff4401000a005aeb74c08100000102000009020202020202339a0202020203020000090202020202020270da02020214010000090200000000020000e30b000002000000000200000000020000004dba000200000000020000000002000000007eae02000000000200000000150100000902d3420000000002000000000200000000020069ce00000002000000000200000000020000dd5e000002000000000200000000020000004dba001e0500000002000000001e0100010941e902000000000200000000020000000002f0030000000002000000000200000000020069ce000000020000000002000000000a0200f888000902020202020202020202280100002c6a090200000000020000000002000000006015020000000002000000004e72,"[0, 20, 22, 24, 52, 54, 56, 584]",0564ff4401000a005aeb 74 c0 8100000102000009020202020202 33 9a 0202020203020000090202020202020270da02020214010000090200000000020000e30b000002000000000200000000020000004dba000200000000020000000002000000007eae02000000000200000000150100000902d3420000000002000000000200000000020069ce00000002000000000200000000020000dd5e000002000000000200000000020000004dba001e0500000002000000001e0100010941e902000000000200000000020000000002f0030000000002000000000200000000020069ce000000020000000002000000000a0200f888000902020202020202020202280100002c6a090200000000020000000002000000006015020000000002000000004e72
0564ff4401000a005aeb77c2810000010200000902020202020297900202020203020000090202020202020270da02020214010000090200000000020000e30b000002000000000200000000020000004dba000200000000020000000002000000007eae02000000000200000000150100000902d3420000000002000000000200000000020069ce00000002000000000200000000020000dd5e000002000000000200000000020000004dba001e0500000002000000001e0100010941e902000000000200000000020000000002f0030000000002000000000200000000020069ce000000020000000002000000000a0200f888000902020202020202020202280100002c6a090200000000020000000002000000006015020000000002000000004e72,"[0, 20, 22, 24, 52, 54, 56, 584]",0564ff4401000a005aeb 77 c2 8100000102000009020202020202 97 90 0202020203020000090202020202020270da02020214010000090200000000020000e30b000002000000000200000000020000004dba000200000000020000000002000000007eae02000000000200000000150100000902d3420000000002000000000200000000020069ce00000002000000000200000000020000dd5e000002000000000200000000020000004dba001e0500000002000000001e0100010941e902000000000200000000020000000002f0030000000002000000000200000000020069ce000000020000000002000000000a0200f888000902020202020202020202280100002c6a090200000000020000000002000000006015020000000002000000004e72
0564ff4401000a005aeb45c08100000102000009020202020202217a0202020203020000090202020202020270da02020214010000090200000000020000e30b000002000000000200000000020000004dba000200000000020000000002000000007eae02000000000200000000150100000902d3420000000002000000000200000000020069ce00000002000000000200000000020000dd5e000002000000000200000000020000004dba001e0500000002000000001e0100010941e902000000000200000000020000000002f0030000000002000000000200000000020069ce000000020000000002000000000a0200f888000902020202020202020202280100002c6a090200000000020000000002000000006015020000000002000000004e72,"[0, 20, 22, 24, 52, 54, 56, 584]",0564ff4401000a005aeb 45 c0 8100000102000009020202020202 21 7a 0202020203020000090202020202020270da02020214010000090200000000020000e30b000002000000000200000000020000004dba000200000000020000000002000000007eae02000000000200000000150100000902d3420000000002000000000200000000020069ce00000002000000000200000000020000dd5e000002000000000200000000020000004dba001e0500000002000000001e0100010941e902000000000200000000020000000002f0030000000002000000000200000000020069ce000000020000000002000000000a0200f888000902020202020202020202280100002c6a090200000000020000000002000000006015020000000002000000004e72
0564ff4401000a005aeb48c2810000010200000902020202020246660202020203020000090202020202020270da02020214010000090200000000020000e30b000002000000000200000000020000004dba000200000000020000000002000000007eae02000000000200000000150100000902d3420000000002000000000200000000020069ce00000002000000000200000000020000dd5e000002000000000200000000020000004dba001e0500000002000000001e0100010941e902000000000200000000020000000002f0030000000002000000000200000000020069ce000000020000000002000000000a0200f888000902020202020202020202280100002c6a090200000000020000000002000000006015020000000002000000004e72,"[0, 20, 22, 24, 52, 54, 56, 584]",0564ff4401000a005aeb 48 c2 8100000102000009020202020202 46 66 0202020203020000090202020202020270da02020214010000090200000000020000e30b000002000000000200000000020000004dba000200000000020000000002000000007eae02000000000200000000150100000902d3420000000002000000000200000000020069ce00000002000000000200000000020000dd5e000002000000000200000000020000004dba001e0500000002000000001e0100010941e902000000000200000000020000000002f0030000000002000000000200000000020069ce000000020000000002000000000a0200f888000902020202020202020202280100002c6a090200000000020000000002000000006015020000000002000000004e72
05641f4401000a0026a59a020000000002000000000200000000a554020000000002000000004e72,"[0, 20, 22, 52, 54, 56, 80]",05641f4401000a0026a5 9a 020000000002000000000200000000 a5 54 020000000002000000004e72
05641f4401000a0026a59d02000000000200000000020000000078f9020000000002000000004e72,"[0, 20, 22, 52, 54, 56, 80]",05641f4401000a0026a5 9d 020000000002000000000200000000 78 f9 020000000002000000004e72
05641f4401000a0026a5a502000000000200000000020000000074a2020000000002000000004e72,"[0, 20, 22, 52, 54, 56, 80]",05641f4401000a0026a5 a5 020000000002000000000200000000 74 a2 020000000002000000004e72
05641f4401000a0026a5a80200000000020000000002000000002362020000000002000000004e72,"[0, 20, 22, 52, 54, 56, 80]",05641f4401000a0026a5 a8 020000000002000000000200000000 23 62 020000000002000000004e72
05641f4401000a0026a5b50200000000020000000002000000002902020000000002000000004e72,"[0, 20, 22, 52, 54, 56, 80]",05641f4401000a0026a5 b5 020000000002000000000200000000 29 02 020000000002000000004e72
05641f4401000a0026a5b80200000000020000000002000000007ec2020000000002000000004e72,"[0, 20, 22, 52, 54, 56, 80]",05641f4401000a0026a5 b8 020000000002000000000200000000 7e c2 020000000002000000004e72
05641f4401000a0026a5860200000000020000000002000000002379020000000002000000004e72,"[0, 20, 22, 52, 54, 56, 80]",05641f4401000a0026a5 86 020000000002000000000200000000 23 79 020000000002000000004e72
05641f4401000a0026a5890200000000020000000002000000006c22020000000002000000004e72,"[0, 20, 22, 52, 54, 56, 80]",05641f4401000a0026a5 89 020000000002000000000200000000 6c 22 020000000002000000004e72
056414c40a0001008fedc0c0013c02063c03063c04063c01068a51,"[0, 20, 22, 24, 50, 52, 54]",056414c40a0001008fed c0 c0 013c02063c03063c04063c0106 8a 51
056414c40a0001008fedc3c2013c02063c03063c04063c0106429e,"[0, 20, 22, 24, 50, 52, 54]",056414c40a0001008fed c3 c2 013c02063c03063c04063c0106 42 9e
056414c40a0001008fedc0c0013c02063c03063c04063c01068a51,"[0, 20, 22, 24, 50, 52, 54]",056414c40a0001008fed c0 c0 013c02063c03063c04063c0106 8a 51
056414c40a0001008fedc3c2013c02063c03063c04063c0106429e,"[0, 20, 22, 24, 50, 52, 54]",056414c40a0001008fed c3 c2 013c02063c03063c04063c0106 42 9e
056414c40a0001008fedc0c0013c02063c03063c04063c01068a51,"[0, 20, 22, 24, 50, 52, 54]",056414c40a0001008fed c0 c0 013c02063c03063c04063c0106 8a 51
056414c40a0001008fedc3c2013c02063c03063c04063c0106429e,"[0, 20, 22, 24, 50, 52, 54]",056414c40a0001008fed c3 c2 013c02063c03063c04063c0106 42 9e
056414c40a0001008fedc0c0013c02063c03063c04063c01068a51,"[0, 20, 22, 24, 50, 52, 54]",056414c40a0001008fed c0 c0 013c02063c03063c04063c0106 8a 51
056414c40a0001008fedc3c2013c02063c03063c04063c0106429e,"[0, 20, 22, 24, 50, 52, 54]",056414c40a0001008fed c3 c2 013c02063c03063c04063c0106 42 9e
056408c40a000100fc42c1dd00b3a3,"[0, 22, 24, 26, 28, 30]",056408c40a000100fc42c1 dd 00 b3 a3
056408c40a000100fc42c1de001813,"[0, 22, 24, 26, 28, 30]",056408c40a000100fc42c1 de 00 18 13
056408c40a000100fc42c1df0056b8,"[0, 22, 24, 26, 28, 30]",056408c40a000100fc42c1 df 00 56 b8
056408c40a000100fc42c1d000a350,"[0, 22, 24, 26, 28, 30]",056408c40a000100fc42c1 d0 00 a3 50
056411c40a0001000615c2c1143c02063c03063c04064114,"[0, 48]",056411c40a0001000615c2c1143c02063c03063c04064114
056411c40a0001000615c2c1143c02063c03063c04064114,"[0, 48]",056411c40a0001000615c2c1143c02063c03063c04064114
056411c40a0001000615c2c1143c02063c03063c04064114,"[0, 48]",056411c40a0001000615c2c1143c02063c03063c04064114
056411c40a0001000615c2c1143c02063c03063c04064114,"[0, 48]",056411c40a0001000615c2c1143c02063c03063c04064114
05640bc40a000100acd1c4c3013c020630c8,"[0, 20, 22, 24, 32, 34, 36]",05640bc40a000100acd1 c4 c3 013c0206 30 c8
05640bc40a000100acd1c5c4013c0206c594,"[0, 20, 22, 24, 32, 34, 36]",05640bc40a000100acd1 c5 c4 013c0206 c5 94
05640bc40a000100acd1c6c5013c02069324,"[0, 20, 22, 24, 32, 34, 36]",05640bc40a000100acd1 c6 c5 013c0206 93 24
05640bc40a000100acd1c7c6013c02067ef4,"[0, 20, 22, 24, 32, 34, 36]",05640bc40a000100acd1 c7 c6 013c0206 7e f4
05640bc40a000100acd1c8c7013c02069a93,"[0, 20, 22, 24, 32, 34, 36]",05640bc40a000100acd1 c8 c7 013c0206 9a 93
05640bc40a000100acd1c4c3013c020630c8,"[0, 20, 22, 24, 32, 34, 36]",05640bc40a000100acd1 c4 c3 013c0206 30 c8
05640bc40a000100acd1c5c4013c0206c594,"[0, 20, 22, 24, 32, 34, 36]",05640bc40a000100acd1 c5 c4 013c0206 c5 94
05640bc40a000100acd1c6c5013c02069324,"[0, 20, 22, 24, 32, 34, 36]",05640bc40a000100acd1 c6 c5 013c0206 93 24
05640bc40a000100acd1c7c6013c02067ef4,"[0, 20, 22, 24, 32, 34, 36]",05640bc40a000100acd1 c7 c6 013c0206 7e f4
05640bc40a000100acd1c8c7013c02069a93,"[0, 20, 22, 24, 32, 34, 36]",05640bc40a000100acd1 c8 c7 013c0206 9a 93
05640bc40a000100acd1c9c8013c0206269a,"[0, 20, 22, 24, 32, 34, 36]",05640bc40a000100acd1 c9 c8 013c0206 26 9a
05640bc40a000100acd1cac9013c0206702a,"[0, 20, 22, 24, 32, 34, 36]",05640bc40a000100acd1 ca c9 013c0206 70 2a
05640bc40a000100acd1cbca013c02069dfa,"[0, 20, 22, 24, 32, 34, 36]",05640bc40a000100acd1 cb ca 013c0206 9d fa
05640bc40a000100acd1cccb013c0206a507,"[0, 20, 22, 24, 32, 34, 36]",05640bc40a000100acd1 cc cb 013c0206 a5 07
05640bc40a000100acd1cdcc013c0206505b,"[0, 20, 22, 24, 32, 34, 36]",05640bc40a000100acd1 cd cc 013c0206 50 5b
05640bc40a000100acd1c4c3013c020630c8,"[0, 20, 22, 24, 32, 34, 36]",05640bc40a000100acd1 c4 c3 013c0206 30 c8
05640bc40a000100acd1c5c4013c0206c594,"[0, 20, 22, 24, 32, 34, 36]",05640bc40a000100acd1 c5 c4 013c0206 c5 94
05640bc40a000100acd1c6c5013c02069324,"[0, 20, 22, 24, 32, 34, 36]",05640bc40a000100acd1 c6 c5 013c0206 93 24
05640bc40a000100acd1c7c6013c02067ef4,"[0, 20, 22, 24, 32, 34, 36]",05640bc40a000100acd1 c7 c6 013c0206 7e f4
05640bc40a000100acd1c8c7013c02069a93,"[0, 20, 22, 24, 32, 34, 36]",05640bc40a000100acd1 c8 c7 013c0206 9a 93
05640bc40a000100acd1c9c8013c0206269a,"[0, 20, 22, 24, 32, 34, 36]",05640bc40a000100acd1 c9 c8 013c0206 26 9a
05640bc40a000100acd1cac9013c0206702a,"[0, 20, 22, 24, 32, 34, 36]",05640bc40a000100acd1 ca c9 013c0206 70 2a
05640bc40a000100acd1cbca013c02069dfa,"[0, 20, 22, 24, 32, 34, 36]",05640bc40a000100acd1 cb ca 013c0206 9d fa
05640bc40a000100acd1cccb013c0206a507,"[0, 20, 22, 24, 32, 34, 36]",05640bc40a000100acd1 cc cb 013c0206 a5 07
05640bc40a000100acd1cdcc013c0206505b,"[0, 20, 22, 24, 32, 34, 36]",05640bc40a000100acd1 cd cc 013c0206 50 5b
05640bc40a000100acd1cecd013c020606eb,"[0, 20, 22, 24, 32, 34, 36]",05640bc40a000100acd1 ce cd 013c0206 06 eb
05640bc40a000100acd1c4c3013c020630c8,"[0, 20, 22, 24, 32, 34, 36]",05640bc40a000100acd1 c4 c3 013c0206 30 c8
05640bc40a000100acd1c5c4013c0206c594,"[0, 20, 22, 24, 32, 34, 36]",05640bc40a000100acd1 c5 c4 013c0206 c5 94
05640bc40a000100acd1c6c5013c02069324,"[0, 20, 22, 24, 32, 34, 36]",05640bc40a000100acd1 c6 c5 013c0206 93 24
05640bc40a000100acd1c7c6013c02067ef4,"[0, 20, 22, 24, 32, 34, 36]",05640bc40a000100acd1 c7 c6 013c0206 7e f4
