Hexstream,Split Indexes,Splited Hexstream
ab26010000010000000000000474696d65046e69737403676f760000010001,"[0, 2, 4, 26, 28, 30, 32, 34, 36, 38, 40, 42, 44, 46, 48, 50, 52, 62]",ab 26 0100000100000000000004 74 69 6d 65 04 6e 69 73 74 03 67 6f 76 0000010001
ab27010000010000000000000474696d65046e69737403676f760000010001,"[0, 2, 4, 26, 28, 30, 32, 34, 36, 38, 40, 42, 44, 46, 48, 50, 52, 62]",ab 27 0100000100000000000004 74 69 6d 65 04 6e 69 73 74 03 67 6f 76 0000010001
ab28010000010000000000000474696d65046e69737403676f760000010001,"[0, 2, 4, 26, 28, 30, 32, 34, 36, 38, 40, 42, 44, 46, 48, 50, 52, 62]",ab 28 0100000100000000000004 74 69 6d 65 04 6e 69 73 74 03 67 6f 76 0000010001
ab29010000010000000000000474696d65046e69737403676f760000010001,"[0, 2, 4, 26, 28, 30, 32, 34, 36, 38, 40, 42, 44, 46, 48, 50, 52, 62]",ab 29 0100000100000000000004 74 69 6d 65 04 6e 69 73 74 03 67 6f 76 0000010001
ab2a010000010000000000000474696d65046e69737403676f760000010001,"[0, 2, 4, 26, 28, 30, 32, 34, 36, 38, 40, 42, 44, 46, 48, 50, 52, 62]",ab 2a 0100000100000000000004 74 69 6d 65 04 6e 69 73 74 03 67 6f 76 0000010001
ab2b010000010000000000000474696d65046e69737403676f760000010001,"[0, 2, 4, 26, 28, 30, 32, 34, 36, 38, 40, 42, 44, 46, 48, 50, 52, 62]",ab 2b 0100000100000000000004 74 69 6d 65 04 6e 69 73 74 03 67 6f 76 0000010001
ab2c010000010000000000000474696d65046e69737403676f760000010001,"[0, 2, 4, 26, 28, 30, 32, 34, 36, 38, 40, 42, 44, 46, 48, 50, 52, 62]",ab 2c 0100000100000000000004 74 69 6d 65 04 6e 69 73 74 03 67 6f 76 0000010001
ab2d010000010000000000000474696d65046e69737403676f760000010001,"[0, 2, 4, 26, 28, 30, 32, 34, 36, 38, 40, 42, 44, 46, 48, 50, 52, 62]",ab 2d 0100000100000000000004 74 69 6d 65 04 6e 69 73 74 03 67 6f 76 0000010001
000201000001000000000000046e74703105646c696e6b03636f6d0000010001,"[0, 2, 4, 26, 28, 30, 32, 34, 36, 38, 40, 42, 44, 46, 48, 50, 52, 54, 64]",00 02 0100000100000000000004 6e 74 70 31 05 64 6c 69 6e 6b 03 63 6f 6d 0000010001
ab2e010000010000000000000474696d65046e69737403676f760000010001,"[0, 2, 4, 26, 28, 30, 32, 34, 36, 38, 40, 42, 44, 46, 48, 50, 52, 62]",ab 2e 0100000100000000000004 74 69 6d 65 04 6e 69 73 74 03 67 6f 76 0000010001
ab2f010000010000000000000474696d65046e69737403676f760000010001,"[0, 2, 4, 26, 28, 30, 32, 34, 36, 38, 40, 42, 44, 46, 48, 50, 52, 62]",ab 2f 0100000100000000000004 74 69 6d 65 04 6e 69 73 74 03 67 6f 76 0000010001
000301000001000000000000046e74703105646c696e6b03636f6d0000010001,"[0, 2, 4, 26, 28, 30, 32, 34, 36, 38, 40, 42, 44, 46, 48, 50, 52, 54, 64]",00 03 0100000100000000000004 6e 74 70 31 05 64 6c 69 6e 6b 03 63 6f 6d 0000010001
ab30010000010000000000000474696d65046e69737403676f760000010001,"[0, 2, 4, 26, 28, 30, 32, 34, 36, 38, 40, 42, 44, 46, 48, 50, 52, 62]",ab 30 0100000100000000000004 74 69 6d 65 04 6e 69 73 74 03 67 6f 76 0000010001
ab31010000010000000000000474696d65046e69737403676f760000010001,"[0, 2, 4, 26, 28, 30, 32, 34, 36, 38, 40, 42, 44, 46, 48, 50, 52, 62]",ab 31 0100000100000000000004 74 69 6d 65 04 6e 69 73 74 03 67 6f 76 0000010001
ab32010000010000000000000474696d65046e69737403676f760000010001,"[0, 2, 4, 26, 28, 30, 32, 34, 36, 38, 40, 42, 44, 46, 48, 50, 52, 62]",ab 32 0100000100000000000004 74 69 6d 65 04 6e 69 73 74 03 67 6f 76 0000010001
000401000001000000000000046e74703105646c696e6b03636f6d0000010001,"[0, 2, 4, 26, 28, 30, 32, 34, 36, 38, 40, 42, 44, 46, 48, 50, 52, 54, 64]",00 04 0100000100000000000004 6e 74 70 31 05 64 6c 69 6e 6b 03 63 6f 6d 0000010001
ab33010000010000000000000474696d65046e69737403676f760000010001,"[0, 2, 4, 26, 28, 30, 32, 34, 36, 38, 40, 42, 44, 46, 48, 50, 52, 62]",ab 33 0100000100000000000004 74 69 6d 65 04 6e 69 73 74 03 67 6f 76 0000010001
ab34010000010000000000000474696d65046e69737403676f760000010001,"[0, 2, 4, 26, 28, 30, 32, 34, 36, 38, 40, 42, 44, 46, 48, 50, 52, 62]",ab 34 0100000100000000000004 74 69 6d 65 04 6e 69 73 74 03 67 6f 76 0000010001
ab35010000010000000000000474696d65046e69737403676f760000010001,"[0, 2, 4, 26, 28, 30, 32, 34, 36, 38, 40, 42, 44, 46, 48, 50, 52, 62]",ab 35 0100000100000000000004 74 69 6d 65 04 6e 69 73 74 03 67 6f 76 0000010001
ab36010000010000000000000474696d65046e69737403676f760000010001,"[0, 2, 4, 26, 28, 30, 32, 34, 36, 38, 40, 42, 44, 46, 48, 50, 52, 62]",ab 36 0100000100000000000004 74 69 6d 65 04 6e 69 73 74 03 67 6f 76 0000010001
ab37010000010000000000000474696d65046e69737403676f760000010001,"[0, 2, 4, 26, 28, 30, 32, 34, 36, 38, 40, 42, 44, 46, 48, 50, 52, 62]",ab 37 0100000100000000000004 74 69 6d 65 04 6e 69 73 74 03 67 6f 76 0000010001
ab38010000010000000000000474696d65046e69737403676f760000010001,"[0, 2, 4, 26, 28, 30, 32, 34, 36, 38, 40, 42, 44, 46, 48, 50, 52, 62]",ab 38 0100000100000000000004 74 69 6d 65 04 6e 69 73 74 03 67 6f 76 0000010001
ab39010000010000000000000474696d65046e69737403676f760000010001,"[0, 2, 4, 26, 28, 30, 32, 34, 36, 38, 40, 42, 44, 46, 48, 50, 52, 62]",ab 39 0100000100000000000004 74 69 6d 65 04 6e 69 73 74 03 67 6f 76 0000010001
ab3a010000010000000000000474696d65046e69737403676f760000010001,"[0, 2, 4, 26, 28, 30, 32, 34, 36, 38, 40, 42, 44, 46, 48, 50, 52, 62]",ab 3a 0100000100000000000004 74 69 6d 65 04 6e 69 73 74 03 67 6f 76 0000010001
ab3b010000010000000000000474696d65046e69737403676f760000010001,"[0, 2, 4, 26, 28, 30, 32, 34, 36, 38, 40, 42, 44, 46, 48, 50, 52, 62]",ab 3b 0100000100000000000004 74 69 6d 65 04 6e 69 73 74 03 67 6f 76 0000010001
ab3c010000010000000000000474696d65046e69737403676f760000010001,"[0, 2, 4, 26, 28, 30, 32, 34, 36, 38, 40, 42, 44, 46, 48, 50, 52, 62]",ab 3c 0100000100000000000004 74 69 6d 65 04 6e 69 73 74 03 67 6f 76 0000010001
ab3d010000010000000000000474696d65046e69737403676f760000010001,"[0, 2, 4, 26, 28, 30, 32, 34, 36, 38, 40, 42, 44, 46, 48, 50, 52, 62]",ab 3d 0100000100000000000004 74 69 6d 65 04 6e 69 73 74 03 67 6f 76 0000010001
ab3e010000010000000000000474696d65046e69737403676f760000010001,"[0, 2, 4, 26, 28, 30, 32, 34, 36, 38, 40, 42, 44, 46, 48, 50, 52, 62]",ab 3e 0100000100000000000004 74 69 6d 65 04 6e 69 73 74 03 67 6f 76 0000010001
ab3f010000010000000000000474696d65046e69737403676f760000010001,"[0, 2, 4, 26, 28, 30, 32, 34, 36, 38, 40, 42, 44, 46, 48, 50, 52, 62]",ab 3f 0100000100000000000004 74 69 6d 65 04 6e 69 73 74 03 67 6f 76 0000010001
ab40010000010000000000000474696d65046e69737403676f760000010001,"[0, 2, 4, 26, 28, 30, 32, 34, 36, 38, 40, 42, 44, 46, 48, 50, 52, 62]",ab 40 0100000100000000000004 74 69 6d 65 04 6e 69 73 74 03 67 6f 76 0000010001
ab41010000010000000000000474696d65046e69737403676f760000010001,"[0, 2, 4, 26, 28, 30, 32, 34, 36, 38, 40, 42, 44, 46, 48, 50, 52, 62]",ab 41 0100000100000000000004 74 69 6d 65 04 6e 69 73 74 03 67 6f 76 0000010001
ab42010000010000000000000474696d65046e69737403676f760000010001,"[0, 2, 4, 26, 28, 30, 32, 34, 36, 38, 40, 42, 44, 46, 48, 50, 52, 62]",ab 42 0100000100000000000004 74 69 6d 65 04 6e 69 73 74 03 67 6f 76 0000010001
ab43010000010000000000000474696d65046e69737403676f760000010001,"[0, 2, 4, 26, 28, 30, 32, 34, 36, 38, 40, 42, 44, 46, 48, 50, 52, 62]",ab 43 0100000100000000000004 74 69 6d 65 04 6e 69 73 74 03 67 6f 76 0000010001
ab44010000010000000000000474696d65046e69737403676f760000010001,"[0, 2, 4, 26, 28, 30, 32, 34, 36, 38, 40, 42, 44, 46, 48, 50, 52, 62]",ab 44 0100000100000000000004 74 69 6d 65 04 6e 69 73 74 03 67 6f 76 0000010001
ab45010000010000000000000474696d65046e69737403676f760000010001,"[0, 2, 4, 26, 28, 30, 32, 34, 36, 38, 40, 42, 44, 46, 48, 50, 52, 62]",ab 45 0100000100000000000004 74 69 6d 65 04 6e 69 73 74 03 67 6f 76 0000010001
ab46010000010000000000000474696d65046e69737403676f760000010001,"[0, 2, 4, 26, 28, 30, 32, 34, 36, 38, 40, 42, 44, 46, 48, 50, 52, 62]",ab 46 0100000100000000000004 74 69 6d 65 04 6e 69 73 74 03 67 6f 76 0000010001
ab47010000010000000000000474696d65046e69737403676f760000010001,"[0, 2, 4, 26, 28, 30, 32, 34, 36, 38, 40, 42, 44, 46, 48, 50, 52, 62]",ab 47 0100000100000000000004 74 69 6d 65 04 6e 69 73 74 03 67 6f 76 0000010001
ab48010000010000000000000474696d65046e69737403676f760000010001,"[0, 2, 4, 26, 28, 30, 32, 34, 36, 38, 40, 42, 44, 46, 48, 50, 52, 62]",ab 48 0100000100000000000004 74 69 6d 65 04 6e 69 73 74 03 67 6f 76 0000010001
ab49010000010000000000000474696d65046e69737403676f760000010001,"[0, 2, 4, 26, 28, 30, 32, 34, 36, 38, 40, 42, 44, 46, 48, 50, 52, 62]",ab 49 0100000100000000000004 74 69 6d 65 04 6e 69 73 74 03 67 6f 76 0000010001
ab4a010000010000000000000474696d65046e69737403676f760000010001,"[0, 2, 4, 26, 28, 30, 32, 34, 36, 38, 40, 42, 44, 46, 48, 50, 52, 62]",ab 4a 0100000100000000000004 74 69 6d 65 04 6e 69 73 74 03 67 6f 76 0000010001
ab4b010000010000000000000474696d65046e69737403676f760000010001,"[0, 2, 4, 26, 28, 30, 32, 34, 36, 38, 40, 42, 44, 46, 48, 50, 52, 62]",ab 4b 0100000100000000000004 74 69 6d 65 04 6e 69 73 74 03 67 6f 76 0000010001
ab4c010000010000000000000474696d65046e69737403676f760000010001,"[0, 2, 4, 26, 28, 30, 32, 34, 36, 38, 40, 42, 44, 46, 48, 50, 52, 62]",ab 4c 0100000100000000000004 74 69 6d 65 04 6e 69 73 74 03 67 6f 76 0000010001
ab4d010000010000000000000474696d65046e69737403676f760000010001,"[0, 2, 4, 26, 28, 30, 32, 34, 36, 38, 40, 42, 44, 46, 48, 50, 52, 62]",ab 4d 0100000100000000000004 74 69 6d 65 04 6e 69 73 74 03 67 6f 76 0000010001
ab4e010000010000000000000474696d65046e69737403676f760000010001,"[0, 2, 4, 26, 28, 30, 32, 34, 36, 38, 40, 42, 44, 46, 48, 50, 52, 62]",ab 4e 0100000100000000000004 74 69 6d 65 04 6e 69 73 74 03 67 6f 76 0000010001
ab4f010000010000000000000474696d65046e69737403676f760000010001,"[0, 2, 4, 26, 28, 30, 32, 34, 36, 38, 40, 42, 44, 46, 48, 50, 52, 62]",ab 4f 0100000100000000000004 74 69 6d 65 04 6e 69 73 74 03 67 6f 76 0000010001
ab50010000010000000000000474696d65046e69737403676f760000010001,"[0, 2, 4, 26, 28, 30, 32, 34, 36, 38, 40, 42, 44, 46, 48, 50, 52, 62]",ab 50 0100000100000000000004 74 69 6d 65 04 6e 69 73 74 03 67 6f 76 0000010001
ab51010000010000000000000474696d65046e69737403676f760000010001,"[0, 2, 4, 26, 28, 30, 32, 34, 36, 38, 40, 42, 44, 46, 48, 50, 52, 62]",ab 51 0100000100000000000004 74 69 6d 65 04 6e 69 73 74 03 67 6f 76 0000010001
804a00000001000000000000096c6f63616c686f73740000010001,"[0, 2, 4, 54]",80 4a 00000001000000000000096c6f63616c686f73740000010001
e5eb00000001000000000000096c6f63616c686f73740000010001,"[0, 2, 4, 54]",e5 eb 00000001000000000000096c6f63616c686f73740000010001
942200000001000000000000096c6f63616c686f73740000010001,"[0, 2, 4, 54]",94 22 00000001000000000000096c6f63616c686f73740000010001
cd5a00000001000000000000096c6f63616c686f73740000010001,"[0, 2, 4, 54]",cd 5a 00000001000000000000096c6f63616c686f73740000010001
126100000001000000000000096c6f63616c686f73740000010001,"[0, 2, 4, 54]",12 61 00000001000000000000096c6f63616c686f73740000010001
c8d100000001000000000000096c6f63616c686f73740000010001,"[0, 2, 4, 54]",c8 d1 00000001000000000000096c6f63616c686f73740000010001
709700000001000000000000096c6f63616c686f73740000010001,"[0, 2, 4, 54]",70 97 00000001000000000000096c6f63616c686f73740000010001
a12800000001000000000000096c6f63616c686f73740000010001,"[0, 2, 4, 54]",a1 28 00000001000000000000096c6f63616c686f73740000010001
ac7800000001000000000000096c6f63616c686f73740000010001,"[0, 2, 4, 54]",ac 78 00000001000000000000096c6f63616c686f73740000010001
ab26818500010000000000000474696d65046e69737403676f760000010001,"[0, 2, 4, 62]",ab 26 818500010000000000000474696d65046e69737403676f760000010001
ab27818500010000000000000474696d65046e69737403676f760000010001,"[0, 2, 4, 62]",ab 27 818500010000000000000474696d65046e69737403676f760000010001
ab28818500010000000000000474696d65046e69737403676f760000010001,"[0, 2, 4, 62]",ab 28 818500010000000000000474696d65046e69737403676f760000010001
ab29818500010000000000000474696d65046e69737403676f760000010001,"[0, 2, 4, 62]",ab 29 818500010000000000000474696d65046e69737403676f760000010001
ab2a818500010000000000000474696d65046e69737403676f760000010001,"[0, 2, 4, 62]",ab 2a 818500010000000000000474696d65046e69737403676f760000010001
ab2b818500010000000000000474696d65046e69737403676f760000010001,"[0, 2, 4, 62]",ab 2b 818500010000000000000474696d65046e69737403676f760000010001
ab2c818500010000000000000474696d65046e69737403676f760000010001,"[0, 2, 4, 62]",ab 2c 818500010000000000000474696d65046e69737403676f760000010001
ab2d818500010000000000000474696d65046e69737403676f760000010001,"[0, 2, 4, 62]",ab 2d 818500010000000000000474696d65046e69737403676f760000010001
ab2e818500010000000000000474696d65046e69737403676f760000010001,"[0, 2, 4, 62]",ab 2e 818500010000000000000474696d65046e69737403676f760000010001
ab2f818500010000000000000474696d65046e69737403676f760000010001,"[0, 2, 4, 62]",ab 2f 818500010000000000000474696d65046e69737403676f760000010001
ab30818500010000000000000474696d65046e69737403676f760000010001,"[0, 2, 4, 62]",ab 30 818500010000000000000474696d65046e69737403676f760000010001
ab31818500010000000000000474696d65046e69737403676f760000010001,"[0, 2, 4, 62]",ab 31 818500010000000000000474696d65046e69737403676f760000010001
ab32818500010000000000000474696d65046e69737403676f760000010001,"[0, 2, 4, 62]",ab 32 818500010000000000000474696d65046e69737403676f760000010001
ab33818500010000000000000474696d65046e69737403676f760000010001,"[0, 2, 4, 62]",ab 33 818500010000000000000474696d65046e69737403676f760000010001
ab34818500010000000000000474696d65046e69737403676f760000010001,"[0, 2, 4, 62]",ab 34 818500010000000000000474696d65046e69737403676f760000010001
ab35818500010000000000000474696d65046e69737403676f760000010001,"[0, 2, 4, 62]",ab 35 818500010000000000000474696d65046e69737403676f760000010001
ab36818500010000000000000474696d65046e69737403676f760000010001,"[0, 2, 4, 62]",ab 36 818500010000000000000474696d65046e69737403676f760000010001
ab37818500010000000000000474696d65046e69737403676f760000010001,"[0, 2, 4, 62]",ab 37 818500010000000000000474696d65046e69737403676f760000010001
ab38818500010000000000000474696d65046e69737403676f760000010001,"[0, 2, 4, 62]",ab 38 818500010000000000000474696d65046e69737403676f760000010001
ab39818500010000000000000474696d65046e69737403676f760000010001,"[0, 2, 4, 62]",ab 39 818500010000000000000474696d65046e69737403676f760000010001
ab3a818500010000000000000474696d65046e69737403676f760000010001,"[0, 2, 4, 62]",ab 3a 818500010000000000000474696d65046e69737403676f760000010001
ab3b818500010000000000000474696d65046e69737403676f760000010001,"[0, 2, 4, 62]",ab 3b 818500010000000000000474696d65046e69737403676f760000010001
ab3c818500010000000000000474696d65046e69737403676f760000010001,"[0, 2, 4, 62]",ab 3c 818500010000000000000474696d65046e69737403676f760000010001
ab3d818500010000000000000474696d65046e69737403676f760000010001,"[0, 2, 4, 62]",ab 3d 818500010000000000000474696d65046e69737403676f760000010001
ab3e818500010000000000000474696d65046e69737403676f760000010001,"[0, 2, 4, 62]",ab 3e 818500010000000000000474696d65046e69737403676f760000010001
ab3f818500010000000000000474696d65046e69737403676f760000010001,"[0, 2, 4, 62]",ab 3f 818500010000000000000474696d65046e69737403676f760000010001
ab40818500010000000000000474696d65046e69737403676f760000010001,"[0, 2, 4, 62]",ab 40 818500010000000000000474696d65046e69737403676f760000010001
ab41818500010000000000000474696d65046e69737403676f760000010001,"[0, 2, 4, 62]",ab 41 818500010000000000000474696d65046e69737403676f760000010001
ab42818500010000000000000474696d65046e69737403676f760000010001,"[0, 2, 4, 62]",ab 42 818500010000000000000474696d65046e69737403676f760000010001
ab43818500010000000000000474696d65046e69737403676f760000010001,"[0, 2, 4, 62]",ab 43 818500010000000000000474696d65046e69737403676f760000010001
ab44818500010000000000000474696d65046e69737403676f760000010001,"[0, 2, 4, 62]",ab 44 818500010000000000000474696d65046e69737403676f760000010001
ab45818500010000000000000474696d65046e69737403676f760000010001,"[0, 2, 4, 62]",ab 45 818500010000000000000474696d65046e69737403676f760000010001
ab46818500010000000000000474696d65046e69737403676f760000010001,"[0, 2, 4, 62]",ab 46 818500010000000000000474696d65046e69737403676f760000010001
ab47818500010000000000000474696d65046e69737403676f760000010001,"[0, 2, 4, 62]",ab 47 818500010000000000000474696d65046e69737403676f760000010001
ab48818500010000000000000474696d65046e69737403676f760000010001,"[0, 2, 4, 62]",ab 48 818500010000000000000474696d65046e69737403676f760000010001
ab49818500010000000000000474696d65046e69737403676f760000010001,"[0, 2, 4, 62]",ab 49 818500010000000000000474696d65046e69737403676f760000010001
ab4a818500010000000000000474696d65046e69737403676f760000010001,"[0, 2, 4, 62]",ab 4a 818500010000000000000474696d65046e69737403676f760000010001
ab4b818500010000000000000474696d65046e69737403676f760000010001,"[0, 2, 4, 62]",ab 4b 818500010000000000000474696d65046e69737403676f760000010001
ab4c818500010000000000000474696d65046e69737403676f760000010001,"[0, 2, 4, 62]",ab 4c 818500010000000000000474696d65046e69737403676f760000010001
ab4d818500010000000000000474696d65046e69737403676f760000010001,"[0, 2, 4, 62]",ab 4d 818500010000000000000474696d65046e69737403676f760000010001
ab4e818500010000000000000474696d65046e69737403676f760000010001,"[0, 2, 4, 62]",ab 4e 818500010000000000000474696d65046e69737403676f760000010001
ab4f818500010000000000000474696d65046e69737403676f760000010001,"[0, 2, 4, 62]",ab 4f 818500010000000000000474696d65046e69737403676f760000010001
ab50818500010000000000000474696d65046e69737403676f760000010001,"[0, 2, 4, 62]",ab 50 818500010000000000000474696d65046e69737403676f760000010001
ab51818500010000000000000474696d65046e69737403676f760000010001,"[0, 2, 4, 62]",ab 51 818500010000000000000474696d65046e69737403676f760000010001
